12-Jun-2024 01:34:30.147 INFO [main] org.apache.catalina.startup.VersionLoggerListener.log Nombre de la versión del servidor: Apache Tomcat/9.0.89
12-Jun-2024 01:34:30.150 INFO [main] org.apache.catalina.startup.VersionLoggerListener.log Server built:                      May 3 2024 20:22:11 UTC
12-Jun-2024 01:34:30.151 INFO [main] org.apache.catalina.startup.VersionLoggerListener.log Número de versión de servidor:     9.0.89.0
12-Jun-2024 01:34:30.151 INFO [main] org.apache.catalina.startup.VersionLoggerListener.log OS Name:                           Windows 10
12-Jun-2024 01:34:30.151 INFO [main] org.apache.catalina.startup.VersionLoggerListener.log Versión de Systema Operativo:      10.0
12-Jun-2024 01:34:30.151 INFO [main] org.apache.catalina.startup.VersionLoggerListener.log Arquitectura:                      amd64
12-Jun-2024 01:34:30.151 INFO [main] org.apache.catalina.startup.VersionLoggerListener.log Java Home:                         C:\Program Files\Java\jdk-22
12-Jun-2024 01:34:30.151 INFO [main] org.apache.catalina.startup.VersionLoggerListener.log JVM Version:                       22.0.1+8-16
12-Jun-2024 01:34:30.151 INFO [main] org.apache.catalina.startup.VersionLoggerListener.log Vededor JVM:                       Oracle Corporation
12-Jun-2024 01:34:30.151 INFO [main] org.apache.catalina.startup.VersionLoggerListener.log CATALINA_BASE:                     C:\Users\DaddyChary\Documents\carrera\patrones\WebProductos\apache-tomcat-9.0.89
12-Jun-2024 01:34:30.151 INFO [main] org.apache.catalina.startup.VersionLoggerListener.log CATALINA_HOME:                     C:\Users\DaddyChary\Documents\carrera\patrones\WebProductos\apache-tomcat-9.0.89
12-Jun-2024 01:34:30.158 INFO [main] org.apache.catalina.startup.VersionLoggerListener.log Command line argument:             --add-opens=java.base/java.lang=ALL-UNNAMED
12-Jun-2024 01:34:30.158 INFO [main] org.apache.catalina.startup.VersionLoggerListener.log Command line argument:             --add-opens=java.base/java.io=ALL-UNNAMED
12-Jun-2024 01:34:30.158 INFO [main] org.apache.catalina.startup.VersionLoggerListener.log Command line argument:             --add-opens=java.base/java.util=ALL-UNNAMED
12-Jun-2024 01:34:30.159 INFO [main] org.apache.catalina.startup.VersionLoggerListener.log Command line argument:             --add-opens=java.base/java.util.concurrent=ALL-UNNAMED
12-Jun-2024 01:34:30.159 INFO [main] org.apache.catalina.startup.VersionLoggerListener.log Command line argument:             --add-opens=java.rmi/sun.rmi.transport=ALL-UNNAMED
12-Jun-2024 01:34:30.159 INFO [main] org.apache.catalina.startup.VersionLoggerListener.log Command line argument:             -Djava.util.logging.config.file=C:\Users\DaddyChary\Documents\carrera\patrones\WebProductos\apache-tomcat-9.0.89\conf\logging.properties
12-Jun-2024 01:34:30.159 INFO [main] org.apache.catalina.startup.VersionLoggerListener.log Command line argument:             -Djava.util.logging.manager=org.apache.juli.ClassLoaderLogManager
12-Jun-2024 01:34:30.159 INFO [main] org.apache.catalina.startup.VersionLoggerListener.log Command line argument:             -Djdk.tls.ephemeralDHKeySize=2048
12-Jun-2024 01:34:30.159 INFO [main] org.apache.catalina.startup.VersionLoggerListener.log Command line argument:             -Djava.protocol.handler.pkgs=org.apache.catalina.webresources
12-Jun-2024 01:34:30.159 INFO [main] org.apache.catalina.startup.VersionLoggerListener.log Command line argument:             -Dignore.endorsed.dirs=
12-Jun-2024 01:34:30.159 INFO [main] org.apache.catalina.startup.VersionLoggerListener.log Command line argument:             -Dcatalina.base=C:\Users\DaddyChary\Documents\carrera\patrones\WebProductos\apache-tomcat-9.0.89
12-Jun-2024 01:34:30.160 INFO [main] org.apache.catalina.startup.VersionLoggerListener.log Command line argument:             -Dcatalina.home=C:\Users\DaddyChary\Documents\carrera\patrones\WebProductos\apache-tomcat-9.0.89
12-Jun-2024 01:34:30.160 INFO [main] org.apache.catalina.startup.VersionLoggerListener.log Command line argument:             -Djava.io.tmpdir=C:\Users\DaddyChary\Documents\carrera\patrones\WebProductos\apache-tomcat-9.0.89\temp
12-Jun-2024 01:34:30.163 INFO [main] org.apache.catalina.core.AprLifecycleListener.lifecycleEvent Cargada la biblioteca nativa APR de Apache Tomcat [1.3.0] con la versión APR [1.7.4].
12-Jun-2024 01:34:30.163 INFO [main] org.apache.catalina.core.AprLifecycleListener.lifecycleEvent Capacidades APR: IPv6 [true], enviar fichero [true], aceptar filtros [false], aleatorio [true], UDS [true].
12-Jun-2024 01:34:30.163 INFO [main] org.apache.catalina.core.AprLifecycleListener.lifecycleEvent APR/OpenSSL configuration: useAprConnector [false], useOpenSSL [true]
12-Jun-2024 01:34:30.169 INFO [main] org.apache.catalina.core.AprLifecycleListener.initializeSSL OpenSSL inicializado correctamente [OpenSSL 3.0.13 30 Jan 2024]
12-Jun-2024 01:34:30.454 INFO [main] org.apache.coyote.AbstractProtocol.init Inicializando el manejador de protocolo ["http-nio-8080"]

12-Jun-2024 01:34:30.489 INFO [main] org.apache.catalina.startup.Catalina.load Server initialization in [526] milliseconds
12-Jun-2024 01:34:30.541 INFO [main] org.apache.catalina.core.StandardService.startInternal Arrancando servicio [Catalina]
12-Jun-2024 01:34:30.541 INFO [main] org.apache.catalina.core.StandardEngine.startInternal Starting Servlet engine: [Apache Tomcat/9.0.89]
12-Jun-2024 01:34:30.550 INFO [main] org.apache.catalina.startup.HostConfig.deployDescriptor Desplieque del descriptor de configuración [C:\Users\DaddyChary\Documents\carrera\patrones\WebProductos\apache-tomcat-9.0.89\conf\Catalina\localhost\WebProductos.xml]
12-Jun-2024 01:34:30.564 WARNING [main] org.apache.catalina.startup.HostConfig.deployDescriptor The path attribute with value [/WebProductos] in deployment descriptor [C:\Users\DaddyChary\Documents\carrera\patrones\WebProductos\apache-tomcat-9.0.89\conf\Catalina\localhost\WebProductos.xml] has been ignored
12-Jun-2024 01:34:30.969 INFO [main] org.apache.jasper.servlet.TldScanner.scanJars Al menos un JAR, que se ha explorado buscando TLDs, aún no contenía TLDs. Activar historial de depuración para este historiador para una completa lista de los JARs que fueron explorados y de los que nos se halló TLDs. Saltarse JARs no necesarios durante la exploración puede dar lugar a una mejora de tiempo significativa en el arranque y compilación de JSP .
12-Jun-2024 01:34:31.018 INFO [main] org.apache.catalina.startup.HostConfig.deployDescriptor Deployment of deployment descriptor [C:\Users\DaddyChary\Documents\carrera\patrones\WebProductos\apache-tomcat-9.0.89\conf\Catalina\localhost\WebProductos.xml] has finished in [466] ms
12-Jun-2024 01:34:31.019 INFO [main] org.apache.catalina.startup.HostConfig.deployDirectory Desplegando el directorio [C:\Users\DaddyChary\Documents\carrera\patrones\WebProductos\apache-tomcat-9.0.89\webapps\docs] de la aplicación web
12-Jun-2024 01:34:31.055 INFO [main] org.apache.catalina.startup.HostConfig.deployDirectory Deployment of web application directory [C:\Users\DaddyChary\Documents\carrera\patrones\WebProductos\apache-tomcat-9.0.89\webapps\docs] has finished in [35] ms
12-Jun-2024 01:34:31.055 INFO [main] org.apache.catalina.startup.HostConfig.deployDirectory Desplegando el directorio [C:\Users\DaddyChary\Documents\carrera\patrones\WebProductos\apache-tomcat-9.0.89\webapps\examples] de la aplicación web
12-Jun-2024 01:34:31.453 INFO [main] org.apache.catalina.startup.HostConfig.deployDirectory Deployment of web application directory [C:\Users\DaddyChary\Documents\carrera\patrones\WebProductos\apache-tomcat-9.0.89\webapps\examples] has finished in [398] ms
12-Jun-2024 01:34:31.453 INFO [main] org.apache.catalina.startup.HostConfig.deployDirectory Desplegando el directorio [C:\Users\DaddyChary\Documents\carrera\patrones\WebProductos\apache-tomcat-9.0.89\webapps\host-manager] de la aplicación web
12-Jun-2024 01:34:31.494 INFO [main] org.apache.catalina.startup.HostConfig.deployDirectory Deployment of web application directory [C:\Users\DaddyChary\Documents\carrera\patrones\WebProductos\apache-tomcat-9.0.89\webapps\host-manager] has finished in [41] ms
12-Jun-2024 01:34:31.494 INFO [main] org.apache.catalina.startup.HostConfig.deployDirectory Desplegando el directorio [C:\Users\DaddyChary\Documents\carrera\patrones\WebProductos\apache-tomcat-9.0.89\webapps\manager] de la aplicación web
12-Jun-2024 01:34:31.531 INFO [main] org.apache.catalina.startup.HostConfig.deployDirectory Deployment of web application directory [C:\Users\DaddyChary\Documents\carrera\patrones\WebProductos\apache-tomcat-9.0.89\webapps\manager] has finished in [37] ms
12-Jun-2024 01:34:31.532 INFO [main] org.apache.catalina.startup.HostConfig.deployDirectory Desplegando el directorio [C:\Users\DaddyChary\Documents\carrera\patrones\WebProductos\apache-tomcat-9.0.89\webapps\ROOT] de la aplicación web
12-Jun-2024 01:34:31.557 INFO [main] org.apache.catalina.startup.HostConfig.deployDirectory Deployment of web application directory [C:\Users\DaddyChary\Documents\carrera\patrones\WebProductos\apache-tomcat-9.0.89\webapps\ROOT] has finished in [24] ms
12-Jun-2024 01:34:31.562 INFO [main] org.apache.coyote.AbstractProtocol.start Starting ProtocolHandler ["http-nio-8080"]
12-Jun-2024 01:34:31.584 INFO [main] org.apache.catalina.startup.Catalina.start Server startup in [1093] milliseconds
12-Jun-2024 01:34:33.175 INFO [http-nio-8080-exec-6] org.apache.catalina.startup.HostConfig.deployDescriptor Desplieque del descriptor de configuración [C:\Users\DaddyChary\Documents\carrera\patrones\WebProductos\apache-tomcat-9.0.89\conf\Catalina\localhost\WebApp.xml]
12-Jun-2024 01:34:33.176 WARNING [http-nio-8080-exec-6] org.apache.catalina.startup.HostConfig.deployDescriptor The path attribute with value [/WebApp] in deployment descriptor [C:\Users\DaddyChary\Documents\carrera\patrones\WebProductos\apache-tomcat-9.0.89\conf\Catalina\localhost\WebApp.xml] has been ignored
12-Jun-2024 01:34:33.351 INFO [http-nio-8080-exec-6] org.apache.jasper.servlet.TldScanner.scanJars Al menos un JAR, que se ha explorado buscando TLDs, aún no contenía TLDs. Activar historial de depuración para este historiador para una completa lista de los JARs que fueron explorados y de los que nos se halló TLDs. Saltarse JARs no necesarios durante la exploración puede dar lugar a una mejora de tiempo significativa en el arranque y compilación de JSP .
12-Jun-2024 01:34:33.354 INFO [http-nio-8080-exec-6] org.apache.catalina.startup.HostConfig.deployDescriptor Deployment of deployment descriptor [C:\Users\DaddyChary\Documents\carrera\patrones\WebProductos\apache-tomcat-9.0.89\conf\Catalina\localhost\WebApp.xml] has finished in [179] ms
12-Jun-2024 01:34:33.357 INFO [http-nio-8080-exec-7] org.apache.catalina.util.LifecycleBase.start The start() method was called on component [StandardEngine[Catalina].StandardHost[localhost].StandardContext[/WebApp]] after start() had already been called. The second call will be ignored.
12-Jun-2024 01:34:54.650 INFO [http-nio-8080-exec-3] org.apache.catalina.core.StandardContext.reload Ha comenzado la recarga de Contexto [/WebApp]
12-Jun-2024 01:34:54.776 INFO [http-nio-8080-exec-3] org.apache.jasper.servlet.TldScanner.scanJars Al menos un JAR, que se ha explorado buscando TLDs, aún no contenía TLDs. Activar historial de depuración para este historiador para una completa lista de los JARs que fueron explorados y de los que nos se halló TLDs. Saltarse JARs no necesarios durante la exploración puede dar lugar a una mejora de tiempo significativa en el arranque y compilación de JSP .
12-Jun-2024 01:34:54.779 INFO [http-nio-8080-exec-3] org.apache.catalina.core.StandardContext.reload Se ha completado la recarga de este Contexto
12-Jun-2024 01:35:59.961 INFO [http-nio-8080-exec-1] org.apache.catalina.core.StandardContext.reload Ha comenzado la recarga de Contexto [/WebApp]
12-Jun-2024 01:36:00.070 INFO [http-nio-8080-exec-1] org.apache.jasper.servlet.TldScanner.scanJars Al menos un JAR, que se ha explorado buscando TLDs, aún no contenía TLDs. Activar historial de depuración para este historiador para una completa lista de los JARs que fueron explorados y de los que nos se halló TLDs. Saltarse JARs no necesarios durante la exploración puede dar lugar a una mejora de tiempo significativa en el arranque y compilación de JSP .
12-Jun-2024 01:36:00.072 INFO [http-nio-8080-exec-1] org.apache.catalina.core.StandardContext.reload Se ha completado la recarga de este Contexto
12-Jun-2024 01:36:08.542 INFO [http-nio-8080-exec-2] org.apache.catalina.core.StandardContext.reload Ha comenzado la recarga de Contexto [/WebApp]
12-Jun-2024 01:36:08.658 INFO [http-nio-8080-exec-2] org.apache.jasper.servlet.TldScanner.scanJars Al menos un JAR, que se ha explorado buscando TLDs, aún no contenía TLDs. Activar historial de depuración para este historiador para una completa lista de los JARs que fueron explorados y de los que nos se halló TLDs. Saltarse JARs no necesarios durante la exploración puede dar lugar a una mejora de tiempo significativa en el arranque y compilación de JSP .
12-Jun-2024 01:36:08.661 INFO [http-nio-8080-exec-2] org.apache.catalina.core.StandardContext.reload Se ha completado la recarga de este Contexto
12-Jun-2024 01:36:37.509 INFO [http-nio-8080-exec-6] org.apache.catalina.core.StandardContext.reload Ha comenzado la recarga de Contexto [/WebApp]
12-Jun-2024 01:36:37.619 INFO [http-nio-8080-exec-6] org.apache.jasper.servlet.TldScanner.scanJars Al menos un JAR, que se ha explorado buscando TLDs, aún no contenía TLDs. Activar historial de depuración para este historiador para una completa lista de los JARs que fueron explorados y de los que nos se halló TLDs. Saltarse JARs no necesarios durante la exploración puede dar lugar a una mejora de tiempo significativa en el arranque y compilación de JSP .
12-Jun-2024 01:36:37.621 INFO [http-nio-8080-exec-6] org.apache.catalina.core.StandardContext.reload Se ha completado la recarga de este Contexto
12-Jun-2024 01:37:39.405 INFO [http-nio-8080-exec-1] org.apache.catalina.core.StandardContext.reload Ha comenzado la recarga de Contexto [/WebApp]
12-Jun-2024 01:37:39.535 INFO [http-nio-8080-exec-1] org.apache.jasper.servlet.TldScanner.scanJars Al menos un JAR, que se ha explorado buscando TLDs, aún no contenía TLDs. Activar historial de depuración para este historiador para una completa lista de los JARs que fueron explorados y de los que nos se halló TLDs. Saltarse JARs no necesarios durante la exploración puede dar lugar a una mejora de tiempo significativa en el arranque y compilación de JSP .
12-Jun-2024 01:37:39.538 INFO [http-nio-8080-exec-1] org.apache.catalina.core.StandardContext.reload Se ha completado la recarga de este Contexto
12-Jun-2024 01:37:39.858 INFO [http-nio-8080-exec-16] org.apache.catalina.core.StandardContext.reload Ha comenzado la recarga de Contexto [/WebApp]
12-Jun-2024 01:37:39.971 INFO [http-nio-8080-exec-16] org.apache.jasper.servlet.TldScanner.scanJars Al menos un JAR, que se ha explorado buscando TLDs, aún no contenía TLDs. Activar historial de depuración para este historiador para una completa lista de los JARs que fueron explorados y de los que nos se halló TLDs. Saltarse JARs no necesarios durante la exploración puede dar lugar a una mejora de tiempo significativa en el arranque y compilación de JSP .
12-Jun-2024 01:37:39.972 INFO [http-nio-8080-exec-16] org.apache.catalina.core.StandardContext.reload Se ha completado la recarga de este Contexto
12-Jun-2024 01:37:40.291 INFO [http-nio-8080-exec-10] org.apache.catalina.core.StandardContext.reload Ha comenzado la recarga de Contexto [/WebApp]
12-Jun-2024 01:37:40.399 INFO [http-nio-8080-exec-10] org.apache.jasper.servlet.TldScanner.scanJars Al menos un JAR, que se ha explorado buscando TLDs, aún no contenía TLDs. Activar historial de depuración para este historiador para una completa lista de los JARs que fueron explorados y de los que nos se halló TLDs. Saltarse JARs no necesarios durante la exploración puede dar lugar a una mejora de tiempo significativa en el arranque y compilación de JSP .
12-Jun-2024 01:37:40.401 INFO [http-nio-8080-exec-10] org.apache.catalina.core.StandardContext.reload Se ha completado la recarga de este Contexto
12-Jun-2024 01:38:12.684 INFO [http-nio-8080-exec-2] org.apache.catalina.core.StandardContext.reload Ha comenzado la recarga de Contexto [/WebApp]
12-Jun-2024 01:38:12.796 INFO [http-nio-8080-exec-2] org.apache.jasper.servlet.TldScanner.scanJars Al menos un JAR, que se ha explorado buscando TLDs, aún no contenía TLDs. Activar historial de depuración para este historiador para una completa lista de los JARs que fueron explorados y de los que nos se halló TLDs. Saltarse JARs no necesarios durante la exploración puede dar lugar a una mejora de tiempo significativa en el arranque y compilación de JSP .
12-Jun-2024 01:38:12.798 INFO [http-nio-8080-exec-2] org.apache.catalina.core.StandardContext.reload Se ha completado la recarga de este Contexto
12-Jun-2024 01:38:19.645 INFO [http-nio-8080-exec-11] org.apache.catalina.core.StandardContext.reload Ha comenzado la recarga de Contexto [/WebApp]
12-Jun-2024 01:38:19.765 INFO [http-nio-8080-exec-11] org.apache.jasper.servlet.TldScanner.scanJars Al menos un JAR, que se ha explorado buscando TLDs, aún no contenía TLDs. Activar historial de depuración para este historiador para una completa lista de los JARs que fueron explorados y de los que nos se halló TLDs. Saltarse JARs no necesarios durante la exploración puede dar lugar a una mejora de tiempo significativa en el arranque y compilación de JSP .
12-Jun-2024 01:38:19.767 INFO [http-nio-8080-exec-11] org.apache.catalina.core.StandardContext.reload Se ha completado la recarga de este Contexto
12-Jun-2024 01:38:22.694 INFO [http-nio-8080-exec-2] org.apache.catalina.core.StandardContext.reload Ha comenzado la recarga de Contexto [/WebApp]
12-Jun-2024 01:38:22.808 INFO [http-nio-8080-exec-2] org.apache.jasper.servlet.TldScanner.scanJars Al menos un JAR, que se ha explorado buscando TLDs, aún no contenía TLDs. Activar historial de depuración para este historiador para una completa lista de los JARs que fueron explorados y de los que nos se halló TLDs. Saltarse JARs no necesarios durante la exploración puede dar lugar a una mejora de tiempo significativa en el arranque y compilación de JSP .
12-Jun-2024 01:38:22.809 INFO [http-nio-8080-exec-2] org.apache.catalina.core.StandardContext.reload Se ha completado la recarga de este Contexto
12-Jun-2024 01:38:35.810 INFO [http-nio-8080-exec-11] org.apache.catalina.core.StandardContext.reload Ha comenzado la recarga de Contexto [/WebApp]
12-Jun-2024 01:38:35.924 INFO [http-nio-8080-exec-11] org.apache.jasper.servlet.TldScanner.scanJars Al menos un JAR, que se ha explorado buscando TLDs, aún no contenía TLDs. Activar historial de depuración para este historiador para una completa lista de los JARs que fueron explorados y de los que nos se halló TLDs. Saltarse JARs no necesarios durante la exploración puede dar lugar a una mejora de tiempo significativa en el arranque y compilación de JSP .
12-Jun-2024 01:38:35.926 INFO [http-nio-8080-exec-11] org.apache.catalina.core.StandardContext.reload Se ha completado la recarga de este Contexto
12-Jun-2024 01:39:05.996 INFO [http-nio-8080-exec-20] org.apache.catalina.core.StandardContext.reload Ha comenzado la recarga de Contexto [/WebApp]
12-Jun-2024 01:39:06.110 INFO [http-nio-8080-exec-20] org.apache.jasper.servlet.TldScanner.scanJars Al menos un JAR, que se ha explorado buscando TLDs, aún no contenía TLDs. Activar historial de depuración para este historiador para una completa lista de los JARs que fueron explorados y de los que nos se halló TLDs. Saltarse JARs no necesarios durante la exploración puede dar lugar a una mejora de tiempo significativa en el arranque y compilación de JSP .
12-Jun-2024 01:39:06.112 INFO [http-nio-8080-exec-20] org.apache.catalina.core.StandardContext.reload Se ha completado la recarga de este Contexto
12-Jun-2024 01:39:09.245 INFO [http-nio-8080-exec-21] org.apache.catalina.core.StandardContext.reload Ha comenzado la recarga de Contexto [/WebApp]
12-Jun-2024 01:39:09.351 INFO [http-nio-8080-exec-21] org.apache.jasper.servlet.TldScanner.scanJars Al menos un JAR, que se ha explorado buscando TLDs, aún no contenía TLDs. Activar historial de depuración para este historiador para una completa lista de los JARs que fueron explorados y de los que nos se halló TLDs. Saltarse JARs no necesarios durante la exploración puede dar lugar a una mejora de tiempo significativa en el arranque y compilación de JSP .
12-Jun-2024 01:39:09.353 INFO [http-nio-8080-exec-21] org.apache.catalina.core.StandardContext.reload Se ha completado la recarga de este Contexto
12-Jun-2024 01:39:17.171 INFO [http-nio-8080-exec-22] org.apache.catalina.core.StandardContext.reload Ha comenzado la recarga de Contexto [/WebApp]
12-Jun-2024 01:39:17.298 INFO [http-nio-8080-exec-22] org.apache.jasper.servlet.TldScanner.scanJars Al menos un JAR, que se ha explorado buscando TLDs, aún no contenía TLDs. Activar historial de depuración para este historiador para una completa lista de los JARs que fueron explorados y de los que nos se halló TLDs. Saltarse JARs no necesarios durante la exploración puede dar lugar a una mejora de tiempo significativa en el arranque y compilación de JSP .
12-Jun-2024 01:39:17.300 INFO [http-nio-8080-exec-22] org.apache.catalina.core.StandardContext.reload Se ha completado la recarga de este Contexto
12-Jun-2024 01:39:45.096 INFO [http-nio-8080-exec-2] org.apache.catalina.core.StandardContext.reload Ha comenzado la recarga de Contexto [/WebApp]
12-Jun-2024 01:39:45.203 INFO [http-nio-8080-exec-2] org.apache.jasper.servlet.TldScanner.scanJars Al menos un JAR, que se ha explorado buscando TLDs, aún no contenía TLDs. Activar historial de depuración para este historiador para una completa lista de los JARs que fueron explorados y de los que nos se halló TLDs. Saltarse JARs no necesarios durante la exploración puede dar lugar a una mejora de tiempo significativa en el arranque y compilación de JSP .
12-Jun-2024 01:39:45.205 INFO [http-nio-8080-exec-2] org.apache.catalina.core.StandardContext.reload Se ha completado la recarga de este Contexto
12-Jun-2024 01:40:12.643 INFO [http-nio-8080-exec-26] org.apache.catalina.core.StandardContext.reload Ha comenzado la recarga de Contexto [/WebApp]
12-Jun-2024 01:40:12.750 INFO [http-nio-8080-exec-26] org.apache.jasper.servlet.TldScanner.scanJars Al menos un JAR, que se ha explorado buscando TLDs, aún no contenía TLDs. Activar historial de depuración para este historiador para una completa lista de los JARs que fueron explorados y de los que nos se halló TLDs. Saltarse JARs no necesarios durante la exploración puede dar lugar a una mejora de tiempo significativa en el arranque y compilación de JSP .
12-Jun-2024 01:40:12.752 INFO [http-nio-8080-exec-26] org.apache.catalina.core.StandardContext.reload Se ha completado la recarga de este Contexto
12-Jun-2024 01:40:20.645 INFO [http-nio-8080-exec-28] org.apache.catalina.core.StandardContext.reload Ha comenzado la recarga de Contexto [/WebApp]
12-Jun-2024 01:40:20.753 INFO [http-nio-8080-exec-28] org.apache.jasper.servlet.TldScanner.scanJars Al menos un JAR, que se ha explorado buscando TLDs, aún no contenía TLDs. Activar historial de depuración para este historiador para una completa lista de los JARs que fueron explorados y de los que nos se halló TLDs. Saltarse JARs no necesarios durante la exploración puede dar lugar a una mejora de tiempo significativa en el arranque y compilación de JSP .
12-Jun-2024 01:40:20.755 INFO [http-nio-8080-exec-28] org.apache.catalina.core.StandardContext.reload Se ha completado la recarga de este Contexto
12-Jun-2024 01:40:33.930 INFO [http-nio-8080-exec-17] org.apache.catalina.core.StandardContext.reload Ha comenzado la recarga de Contexto [/WebApp]
12-Jun-2024 01:40:34.041 INFO [http-nio-8080-exec-17] org.apache.jasper.servlet.TldScanner.scanJars Al menos un JAR, que se ha explorado buscando TLDs, aún no contenía TLDs. Activar historial de depuración para este historiador para una completa lista de los JARs que fueron explorados y de los que nos se halló TLDs. Saltarse JARs no necesarios durante la exploración puede dar lugar a una mejora de tiempo significativa en el arranque y compilación de JSP .
12-Jun-2024 01:40:34.043 INFO [http-nio-8080-exec-17] org.apache.catalina.core.StandardContext.reload Se ha completado la recarga de este Contexto
12-Jun-2024 01:40:56.510 INFO [http-nio-8080-exec-28] org.apache.catalina.core.StandardContext.reload Ha comenzado la recarga de Contexto [/WebApp]
12-Jun-2024 01:40:56.618 INFO [http-nio-8080-exec-28] org.apache.jasper.servlet.TldScanner.scanJars Al menos un JAR, que se ha explorado buscando TLDs, aún no contenía TLDs. Activar historial de depuración para este historiador para una completa lista de los JARs que fueron explorados y de los que nos se halló TLDs. Saltarse JARs no necesarios durante la exploración puede dar lugar a una mejora de tiempo significativa en el arranque y compilación de JSP .
12-Jun-2024 01:40:56.620 INFO [http-nio-8080-exec-28] org.apache.catalina.core.StandardContext.reload Se ha completado la recarga de este Contexto
12-Jun-2024 01:41:00.722 INFO [http-nio-8080-exec-26] org.apache.catalina.core.StandardContext.reload Ha comenzado la recarga de Contexto [/WebApp]
12-Jun-2024 01:41:00.832 INFO [http-nio-8080-exec-26] org.apache.jasper.servlet.TldScanner.scanJars Al menos un JAR, que se ha explorado buscando TLDs, aún no contenía TLDs. Activar historial de depuración para este historiador para una completa lista de los JARs que fueron explorados y de los que nos se halló TLDs. Saltarse JARs no necesarios durante la exploración puede dar lugar a una mejora de tiempo significativa en el arranque y compilación de JSP .
12-Jun-2024 01:41:00.834 INFO [http-nio-8080-exec-26] org.apache.catalina.core.StandardContext.reload Se ha completado la recarga de este Contexto
12-Jun-2024 01:41:09.049 INFO [http-nio-8080-exec-28] org.apache.catalina.core.StandardContext.reload Ha comenzado la recarga de Contexto [/WebApp]
12-Jun-2024 01:41:09.152 INFO [http-nio-8080-exec-28] org.apache.jasper.servlet.TldScanner.scanJars Al menos un JAR, que se ha explorado buscando TLDs, aún no contenía TLDs. Activar historial de depuración para este historiador para una completa lista de los JARs que fueron explorados y de los que nos se halló TLDs. Saltarse JARs no necesarios durante la exploración puede dar lugar a una mejora de tiempo significativa en el arranque y compilación de JSP .
12-Jun-2024 01:41:09.154 INFO [http-nio-8080-exec-28] org.apache.catalina.core.StandardContext.reload Se ha completado la recarga de este Contexto
12-Jun-2024 01:41:37.134 INFO [http-nio-8080-exec-31] org.apache.catalina.core.StandardContext.reload Ha comenzado la recarga de Contexto [/WebApp]
12-Jun-2024 01:41:37.238 INFO [http-nio-8080-exec-31] org.apache.jasper.servlet.TldScanner.scanJars Al menos un JAR, que se ha explorado buscando TLDs, aún no contenía TLDs. Activar historial de depuración para este historiador para una completa lista de los JARs que fueron explorados y de los que nos se halló TLDs. Saltarse JARs no necesarios durante la exploración puede dar lugar a una mejora de tiempo significativa en el arranque y compilación de JSP .
12-Jun-2024 01:41:37.240 INFO [http-nio-8080-exec-31] org.apache.catalina.core.StandardContext.reload Se ha completado la recarga de este Contexto
12-Jun-2024 01:41:45.607 INFO [http-nio-8080-exec-28] org.apache.catalina.core.StandardContext.reload Ha comenzado la recarga de Contexto [/WebApp]
12-Jun-2024 01:41:45.710 INFO [http-nio-8080-exec-28] org.apache.jasper.servlet.TldScanner.scanJars Al menos un JAR, que se ha explorado buscando TLDs, aún no contenía TLDs. Activar historial de depuración para este historiador para una completa lista de los JARs que fueron explorados y de los que nos se halló TLDs. Saltarse JARs no necesarios durante la exploración puede dar lugar a una mejora de tiempo significativa en el arranque y compilación de JSP .
12-Jun-2024 01:41:45.712 INFO [http-nio-8080-exec-28] org.apache.catalina.core.StandardContext.reload Se ha completado la recarga de este Contexto
12-Jun-2024 01:41:57.513 INFO [http-nio-8080-exec-33] org.apache.catalina.core.StandardContext.reload Ha comenzado la recarga de Contexto [/WebApp]
12-Jun-2024 01:41:57.614 INFO [http-nio-8080-exec-33] org.apache.jasper.servlet.TldScanner.scanJars Al menos un JAR, que se ha explorado buscando TLDs, aún no contenía TLDs. Activar historial de depuración para este historiador para una completa lista de los JARs que fueron explorados y de los que nos se halló TLDs. Saltarse JARs no necesarios durante la exploración puede dar lugar a una mejora de tiempo significativa en el arranque y compilación de JSP .
12-Jun-2024 01:41:57.616 INFO [http-nio-8080-exec-33] org.apache.catalina.core.StandardContext.reload Se ha completado la recarga de este Contexto
12-Jun-2024 01:42:20.860 INFO [http-nio-8080-exec-34] org.apache.catalina.core.StandardContext.reload Ha comenzado la recarga de Contexto [/WebApp]
12-Jun-2024 01:42:20.967 INFO [http-nio-8080-exec-34] org.apache.jasper.servlet.TldScanner.scanJars Al menos un JAR, que se ha explorado buscando TLDs, aún no contenía TLDs. Activar historial de depuración para este historiador para una completa lista de los JARs que fueron explorados y de los que nos se halló TLDs. Saltarse JARs no necesarios durante la exploración puede dar lugar a una mejora de tiempo significativa en el arranque y compilación de JSP .
12-Jun-2024 01:42:20.968 INFO [http-nio-8080-exec-34] org.apache.catalina.core.StandardContext.reload Se ha completado la recarga de este Contexto
12-Jun-2024 01:42:22.620 INFO [http-nio-8080-exec-35] org.apache.catalina.core.StandardContext.reload Ha comenzado la recarga de Contexto [/WebApp]
12-Jun-2024 01:42:22.725 INFO [http-nio-8080-exec-35] org.apache.jasper.servlet.TldScanner.scanJars Al menos un JAR, que se ha explorado buscando TLDs, aún no contenía TLDs. Activar historial de depuración para este historiador para una completa lista de los JARs que fueron explorados y de los que nos se halló TLDs. Saltarse JARs no necesarios durante la exploración puede dar lugar a una mejora de tiempo significativa en el arranque y compilación de JSP .
12-Jun-2024 01:42:22.727 INFO [http-nio-8080-exec-35] org.apache.catalina.core.StandardContext.reload Se ha completado la recarga de este Contexto
12-Jun-2024 01:42:35.258 INFO [http-nio-8080-exec-19] org.apache.catalina.core.StandardContext.reload Ha comenzado la recarga de Contexto [/WebApp]
12-Jun-2024 01:42:35.377 INFO [http-nio-8080-exec-19] org.apache.jasper.servlet.TldScanner.scanJars Al menos un JAR, que se ha explorado buscando TLDs, aún no contenía TLDs. Activar historial de depuración para este historiador para una completa lista de los JARs que fueron explorados y de los que nos se halló TLDs. Saltarse JARs no necesarios durante la exploración puede dar lugar a una mejora de tiempo significativa en el arranque y compilación de JSP .
12-Jun-2024 01:42:35.379 INFO [http-nio-8080-exec-19] org.apache.catalina.core.StandardContext.reload Se ha completado la recarga de este Contexto
12-Jun-2024 01:42:46.380 INFO [http-nio-8080-exec-28] org.apache.catalina.core.StandardContext.reload Ha comenzado la recarga de Contexto [/WebApp]
12-Jun-2024 01:42:46.493 INFO [http-nio-8080-exec-28] org.apache.jasper.servlet.TldScanner.scanJars Al menos un JAR, que se ha explorado buscando TLDs, aún no contenía TLDs. Activar historial de depuración para este historiador para una completa lista de los JARs que fueron explorados y de los que nos se halló TLDs. Saltarse JARs no necesarios durante la exploración puede dar lugar a una mejora de tiempo significativa en el arranque y compilación de JSP .
12-Jun-2024 01:42:46.494 INFO [http-nio-8080-exec-28] org.apache.catalina.core.StandardContext.reload Se ha completado la recarga de este Contexto
12-Jun-2024 01:42:52.027 INFO [http-nio-8080-exec-17] org.apache.catalina.core.StandardContext.reload Ha comenzado la recarga de Contexto [/WebApp]
12-Jun-2024 01:42:52.132 INFO [http-nio-8080-exec-17] org.apache.jasper.servlet.TldScanner.scanJars Al menos un JAR, que se ha explorado buscando TLDs, aún no contenía TLDs. Activar historial de depuración para este historiador para una completa lista de los JARs que fueron explorados y de los que nos se halló TLDs. Saltarse JARs no necesarios durante la exploración puede dar lugar a una mejora de tiempo significativa en el arranque y compilación de JSP .
12-Jun-2024 01:42:52.133 INFO [http-nio-8080-exec-17] org.apache.catalina.core.StandardContext.reload Se ha completado la recarga de este Contexto
12-Jun-2024 01:42:59.009 INFO [http-nio-8080-exec-21] org.apache.catalina.core.StandardContext.reload Ha comenzado la recarga de Contexto [/WebApp]
12-Jun-2024 01:42:59.120 INFO [http-nio-8080-exec-21] org.apache.jasper.servlet.TldScanner.scanJars Al menos un JAR, que se ha explorado buscando TLDs, aún no contenía TLDs. Activar historial de depuración para este historiador para una completa lista de los JARs que fueron explorados y de los que nos se halló TLDs. Saltarse JARs no necesarios durante la exploración puede dar lugar a una mejora de tiempo significativa en el arranque y compilación de JSP .
12-Jun-2024 01:42:59.122 INFO [http-nio-8080-exec-21] org.apache.catalina.core.StandardContext.reload Se ha completado la recarga de este Contexto
12-Jun-2024 01:43:07.330 INFO [http-nio-8080-exec-35] org.apache.catalina.core.StandardContext.reload Ha comenzado la recarga de Contexto [/WebApp]
12-Jun-2024 01:43:07.431 INFO [http-nio-8080-exec-35] org.apache.jasper.servlet.TldScanner.scanJars Al menos un JAR, que se ha explorado buscando TLDs, aún no contenía TLDs. Activar historial de depuración para este historiador para una completa lista de los JARs que fueron explorados y de los que nos se halló TLDs. Saltarse JARs no necesarios durante la exploración puede dar lugar a una mejora de tiempo significativa en el arranque y compilación de JSP .
12-Jun-2024 01:43:07.432 INFO [http-nio-8080-exec-35] org.apache.catalina.core.StandardContext.reload Se ha completado la recarga de este Contexto
12-Jun-2024 01:43:12.277 INFO [http-nio-8080-exec-37] org.apache.catalina.core.StandardContext.reload Ha comenzado la recarga de Contexto [/WebApp]
12-Jun-2024 01:43:12.392 INFO [http-nio-8080-exec-37] org.apache.jasper.servlet.TldScanner.scanJars Al menos un JAR, que se ha explorado buscando TLDs, aún no contenía TLDs. Activar historial de depuración para este historiador para una completa lista de los JARs que fueron explorados y de los que nos se halló TLDs. Saltarse JARs no necesarios durante la exploración puede dar lugar a una mejora de tiempo significativa en el arranque y compilación de JSP .
12-Jun-2024 01:43:12.394 INFO [http-nio-8080-exec-37] org.apache.catalina.core.StandardContext.reload Se ha completado la recarga de este Contexto
12-Jun-2024 01:43:17.533 INFO [http-nio-8080-exec-34] org.apache.catalina.core.StandardContext.reload Ha comenzado la recarga de Contexto [/WebApp]
12-Jun-2024 01:43:17.660 INFO [http-nio-8080-exec-34] org.apache.jasper.servlet.TldScanner.scanJars Al menos un JAR, que se ha explorado buscando TLDs, aún no contenía TLDs. Activar historial de depuración para este historiador para una completa lista de los JARs que fueron explorados y de los que nos se halló TLDs. Saltarse JARs no necesarios durante la exploración puede dar lugar a una mejora de tiempo significativa en el arranque y compilación de JSP .
12-Jun-2024 01:43:17.663 INFO [http-nio-8080-exec-34] org.apache.catalina.core.StandardContext.reload Se ha completado la recarga de este Contexto
12-Jun-2024 01:43:39.231 INFO [http-nio-8080-exec-34] org.apache.catalina.core.StandardContext.reload Ha comenzado la recarga de Contexto [/WebApp]
12-Jun-2024 01:43:39.338 INFO [http-nio-8080-exec-34] org.apache.jasper.servlet.TldScanner.scanJars Al menos un JAR, que se ha explorado buscando TLDs, aún no contenía TLDs. Activar historial de depuración para este historiador para una completa lista de los JARs que fueron explorados y de los que nos se halló TLDs. Saltarse JARs no necesarios durante la exploración puede dar lugar a una mejora de tiempo significativa en el arranque y compilación de JSP .
12-Jun-2024 01:43:39.340 INFO [http-nio-8080-exec-34] org.apache.catalina.core.StandardContext.reload Se ha completado la recarga de este Contexto
12-Jun-2024 01:49:45.083 INFO [http-nio-8080-exec-54] org.apache.catalina.core.StandardContext.reload Ha comenzado la recarga de Contexto [/WebApp]
12-Jun-2024 01:49:45.089 WARNING [http-nio-8080-exec-54] org.apache.catalina.loader.WebappClassLoaderBase.clearReferencesJdbc La aplicación web [WebApp] registró el conductor JDBC [com.mysql.jdbc.Driver] pero falló al anular el registro mientras la aplicación web estaba parada. Para prevenir un fallo de memoria, se ha anulado el registro del conductor JDBC por la fuerza.
12-Jun-2024 01:49:45.224 INFO [http-nio-8080-exec-54] org.apache.jasper.servlet.TldScanner.scanJars Al menos un JAR, que se ha explorado buscando TLDs, aún no contenía TLDs. Activar historial de depuración para este historiador para una completa lista de los JARs que fueron explorados y de los que nos se halló TLDs. Saltarse JARs no necesarios durante la exploración puede dar lugar a una mejora de tiempo significativa en el arranque y compilación de JSP .
12-Jun-2024 01:49:45.229 INFO [http-nio-8080-exec-54] org.apache.catalina.core.StandardContext.reload Se ha completado la recarga de este Contexto
12-Jun-2024 01:49:45.312 INFO [http-nio-8080-exec-55] org.apache.catalina.core.StandardContext.reload Ha comenzado la recarga de Contexto [/WebApp]
12-Jun-2024 01:49:45.426 INFO [http-nio-8080-exec-55] org.apache.jasper.servlet.TldScanner.scanJars Al menos un JAR, que se ha explorado buscando TLDs, aún no contenía TLDs. Activar historial de depuración para este historiador para una completa lista de los JARs que fueron explorados y de los que nos se halló TLDs. Saltarse JARs no necesarios durante la exploración puede dar lugar a una mejora de tiempo significativa en el arranque y compilación de JSP .
12-Jun-2024 01:49:45.429 INFO [http-nio-8080-exec-55] org.apache.catalina.core.StandardContext.reload Se ha completado la recarga de este Contexto
12-Jun-2024 01:49:54.263 INFO [http-nio-8080-exec-51] org.apache.catalina.core.StandardContext.reload Ha comenzado la recarga de Contexto [/WebApp]
12-Jun-2024 01:49:54.373 INFO [http-nio-8080-exec-51] org.apache.jasper.servlet.TldScanner.scanJars Al menos un JAR, que se ha explorado buscando TLDs, aún no contenía TLDs. Activar historial de depuración para este historiador para una completa lista de los JARs que fueron explorados y de los que nos se halló TLDs. Saltarse JARs no necesarios durante la exploración puede dar lugar a una mejora de tiempo significativa en el arranque y compilación de JSP .
12-Jun-2024 01:49:54.376 INFO [http-nio-8080-exec-51] org.apache.catalina.core.StandardContext.reload Se ha completado la recarga de este Contexto
12-Jun-2024 01:50:06.889 INFO [http-nio-8080-exec-58] org.apache.catalina.core.StandardContext.reload Ha comenzado la recarga de Contexto [/WebApp]
12-Jun-2024 01:50:07.002 INFO [http-nio-8080-exec-58] org.apache.jasper.servlet.TldScanner.scanJars Al menos un JAR, que se ha explorado buscando TLDs, aún no contenía TLDs. Activar historial de depuración para este historiador para una completa lista de los JARs que fueron explorados y de los que nos se halló TLDs. Saltarse JARs no necesarios durante la exploración puede dar lugar a una mejora de tiempo significativa en el arranque y compilación de JSP .
12-Jun-2024 01:50:07.004 INFO [http-nio-8080-exec-58] org.apache.catalina.core.StandardContext.reload Se ha completado la recarga de este Contexto
12-Jun-2024 01:50:10.096 INFO [http-nio-8080-exec-57] org.apache.catalina.core.StandardContext.reload Ha comenzado la recarga de Contexto [/WebApp]
12-Jun-2024 01:50:10.222 INFO [http-nio-8080-exec-57] org.apache.jasper.servlet.TldScanner.scanJars Al menos un JAR, que se ha explorado buscando TLDs, aún no contenía TLDs. Activar historial de depuración para este historiador para una completa lista de los JARs que fueron explorados y de los que nos se halló TLDs. Saltarse JARs no necesarios durante la exploración puede dar lugar a una mejora de tiempo significativa en el arranque y compilación de JSP .
12-Jun-2024 01:50:10.225 INFO [http-nio-8080-exec-57] org.apache.catalina.core.StandardContext.reload Se ha completado la recarga de este Contexto
12-Jun-2024 01:50:27.767 INFO [http-nio-8080-exec-47] org.apache.catalina.core.StandardContext.reload Ha comenzado la recarga de Contexto [/WebApp]
12-Jun-2024 01:50:27.879 INFO [http-nio-8080-exec-47] org.apache.jasper.servlet.TldScanner.scanJars Al menos un JAR, que se ha explorado buscando TLDs, aún no contenía TLDs. Activar historial de depuración para este historiador para una completa lista de los JARs que fueron explorados y de los que nos se halló TLDs. Saltarse JARs no necesarios durante la exploración puede dar lugar a una mejora de tiempo significativa en el arranque y compilación de JSP .
12-Jun-2024 01:50:27.881 INFO [http-nio-8080-exec-47] org.apache.catalina.core.StandardContext.reload Se ha completado la recarga de este Contexto
12-Jun-2024 01:50:27.988 INFO [http-nio-8080-exec-57] org.apache.catalina.core.StandardContext.reload Ha comenzado la recarga de Contexto [/WebApp]
12-Jun-2024 01:50:28.105 INFO [http-nio-8080-exec-57] org.apache.jasper.servlet.TldScanner.scanJars Al menos un JAR, que se ha explorado buscando TLDs, aún no contenía TLDs. Activar historial de depuración para este historiador para una completa lista de los JARs que fueron explorados y de los que nos se halló TLDs. Saltarse JARs no necesarios durante la exploración puede dar lugar a una mejora de tiempo significativa en el arranque y compilación de JSP .
12-Jun-2024 01:50:28.107 INFO [http-nio-8080-exec-57] org.apache.catalina.core.StandardContext.reload Se ha completado la recarga de este Contexto
12-Jun-2024 01:50:33.628 INFO [http-nio-8080-exec-58] org.apache.catalina.core.StandardContext.reload Ha comenzado la recarga de Contexto [/WebApp]
12-Jun-2024 01:50:33.747 INFO [http-nio-8080-exec-58] org.apache.jasper.servlet.TldScanner.scanJars Al menos un JAR, que se ha explorado buscando TLDs, aún no contenía TLDs. Activar historial de depuración para este historiador para una completa lista de los JARs que fueron explorados y de los que nos se halló TLDs. Saltarse JARs no necesarios durante la exploración puede dar lugar a una mejora de tiempo significativa en el arranque y compilación de JSP .
12-Jun-2024 01:50:33.750 INFO [http-nio-8080-exec-58] org.apache.catalina.core.StandardContext.reload Se ha completado la recarga de este Contexto
12-Jun-2024 01:50:33.829 INFO [http-nio-8080-exec-60] org.apache.catalina.core.StandardContext.reload Ha comenzado la recarga de Contexto [/WebApp]
12-Jun-2024 01:50:33.941 INFO [http-nio-8080-exec-60] org.apache.jasper.servlet.TldScanner.scanJars Al menos un JAR, que se ha explorado buscando TLDs, aún no contenía TLDs. Activar historial de depuración para este historiador para una completa lista de los JARs que fueron explorados y de los que nos se halló TLDs. Saltarse JARs no necesarios durante la exploración puede dar lugar a una mejora de tiempo significativa en el arranque y compilación de JSP .
12-Jun-2024 01:50:33.943 INFO [http-nio-8080-exec-60] org.apache.catalina.core.StandardContext.reload Se ha completado la recarga de este Contexto
12-Jun-2024 01:51:40.384 INFO [http-nio-8080-exec-64] org.apache.catalina.core.StandardContext.reload Ha comenzado la recarga de Contexto [/WebApp]
12-Jun-2024 01:51:40.497 INFO [http-nio-8080-exec-64] org.apache.jasper.servlet.TldScanner.scanJars Al menos un JAR, que se ha explorado buscando TLDs, aún no contenía TLDs. Activar historial de depuración para este historiador para una completa lista de los JARs que fueron explorados y de los que nos se halló TLDs. Saltarse JARs no necesarios durante la exploración puede dar lugar a una mejora de tiempo significativa en el arranque y compilación de JSP .
12-Jun-2024 01:51:40.500 INFO [http-nio-8080-exec-64] org.apache.catalina.core.StandardContext.reload Se ha completado la recarga de este Contexto
12-Jun-2024 01:52:28.388 INFO [http-nio-8080-exec-69] org.apache.catalina.core.StandardContext.reload Ha comenzado la recarga de Contexto [/WebApp]
12-Jun-2024 01:52:28.389 WARNING [http-nio-8080-exec-69] org.apache.catalina.loader.WebappClassLoaderBase.clearReferencesJdbc La aplicación web [WebApp] registró el conductor JDBC [com.mysql.jdbc.Driver] pero falló al anular el registro mientras la aplicación web estaba parada. Para prevenir un fallo de memoria, se ha anulado el registro del conductor JDBC por la fuerza.
12-Jun-2024 01:52:28.500 INFO [http-nio-8080-exec-69] org.apache.jasper.servlet.TldScanner.scanJars Al menos un JAR, que se ha explorado buscando TLDs, aún no contenía TLDs. Activar historial de depuración para este historiador para una completa lista de los JARs que fueron explorados y de los que nos se halló TLDs. Saltarse JARs no necesarios durante la exploración puede dar lugar a una mejora de tiempo significativa en el arranque y compilación de JSP .
12-Jun-2024 01:52:28.502 INFO [http-nio-8080-exec-69] org.apache.catalina.core.StandardContext.reload Se ha completado la recarga de este Contexto
12-Jun-2024 01:52:31.149 INFO [http-nio-8080-exec-71] org.apache.catalina.core.StandardContext.reload Ha comenzado la recarga de Contexto [/WebApp]
12-Jun-2024 01:52:31.260 INFO [http-nio-8080-exec-71] org.apache.jasper.servlet.TldScanner.scanJars Al menos un JAR, que se ha explorado buscando TLDs, aún no contenía TLDs. Activar historial de depuración para este historiador para una completa lista de los JARs que fueron explorados y de los que nos se halló TLDs. Saltarse JARs no necesarios durante la exploración puede dar lugar a una mejora de tiempo significativa en el arranque y compilación de JSP .
12-Jun-2024 01:52:31.263 INFO [http-nio-8080-exec-71] org.apache.catalina.core.StandardContext.reload Se ha completado la recarga de este Contexto
12-Jun-2024 01:54:30.528 INFO [main] org.apache.catalina.core.StandardServer.await Se ha recibido un comando de apagado a través del puerto de apagado. Parando la instancia del Servidor.
12-Jun-2024 01:54:30.529 INFO [main] org.apache.coyote.AbstractProtocol.pause Pausing ProtocolHandler ["http-nio-8080"]
12-Jun-2024 01:54:30.531 INFO [main] org.apache.catalina.core.StandardService.stopInternal Parando servicio [Catalina]
12-Jun-2024 01:54:30.549 WARNING [main] org.apache.catalina.loader.WebappClassLoaderBase.clearReferencesThreads The web application [WebProductos] appears to have started a thread named [Abandoned connection cleanup thread] but has failed to stop it. This is very likely to create a memory leak. Stack trace of thread:
 java.base/jdk.internal.misc.Unsafe.park(Native Method)
 java.base/java.util.concurrent.locks.LockSupport.parkNanos(LockSupport.java:269)
 java.base/java.util.concurrent.locks.AbstractQueuedSynchronizer$ConditionObject.await(AbstractQueuedSynchronizer.java:1847)
 java.base/java.lang.ref.ReferenceQueue.await(ReferenceQueue.java:71)
 java.base/java.lang.ref.ReferenceQueue.remove0(ReferenceQueue.java:143)
 java.base/java.lang.ref.ReferenceQueue.remove(ReferenceQueue.java:218)
 com.mysql.jdbc.AbandonedConnectionCleanupThread.run(AbandonedConnectionCleanupThread.java:41)
12-Jun-2024 01:54:30.553 WARNING [main] org.apache.catalina.loader.WebappClassLoaderBase.clearReferencesJdbc La aplicación web [WebApp] registró el conductor JDBC [com.mysql.jdbc.Driver] pero falló al anular el registro mientras la aplicación web estaba parada. Para prevenir un fallo de memoria, se ha anulado el registro del conductor JDBC por la fuerza.
12-Jun-2024 01:54:30.556 INFO [main] org.apache.coyote.AbstractProtocol.stop Stopping ProtocolHandler ["http-nio-8080"]
12-Jun-2024 01:54:30.565 INFO [main] org.apache.coyote.AbstractProtocol.destroy Destroying ProtocolHandler ["http-nio-8080"]
