13-Jun-2024 19:52:09.356 INFO [main] org.apache.catalina.startup.VersionLoggerListener.log Nombre de la versión del servidor: Apache Tomcat/9.0.89
13-Jun-2024 19:52:09.359 INFO [main] org.apache.catalina.startup.VersionLoggerListener.log Server built:                      May 3 2024 20:22:11 UTC
13-Jun-2024 19:52:09.360 INFO [main] org.apache.catalina.startup.VersionLoggerListener.log Número de versión de servidor:     9.0.89.0
13-Jun-2024 19:52:09.360 INFO [main] org.apache.catalina.startup.VersionLoggerListener.log OS Name:                           Windows 10
13-Jun-2024 19:52:09.360 INFO [main] org.apache.catalina.startup.VersionLoggerListener.log Versión de Systema Operativo:      10.0
13-Jun-2024 19:52:09.360 INFO [main] org.apache.catalina.startup.VersionLoggerListener.log Arquitectura:                      amd64
13-Jun-2024 19:52:09.360 INFO [main] org.apache.catalina.startup.VersionLoggerListener.log Java Home:                         C:\Program Files\Java\jdk-22
13-Jun-2024 19:52:09.360 INFO [main] org.apache.catalina.startup.VersionLoggerListener.log JVM Version:                       22.0.1+8-16
13-Jun-2024 19:52:09.360 INFO [main] org.apache.catalina.startup.VersionLoggerListener.log Vededor JVM:                       Oracle Corporation
13-Jun-2024 19:52:09.360 INFO [main] org.apache.catalina.startup.VersionLoggerListener.log CATALINA_BASE:                     C:\Users\DaddyChary\Documents\carrera\patrones\WebProductos\apache-tomcat-9.0.89
13-Jun-2024 19:52:09.360 INFO [main] org.apache.catalina.startup.VersionLoggerListener.log CATALINA_HOME:                     C:\Users\DaddyChary\Documents\carrera\patrones\WebProductos\apache-tomcat-9.0.89
13-Jun-2024 19:52:09.367 INFO [main] org.apache.catalina.startup.VersionLoggerListener.log Command line argument:             --add-opens=java.base/java.lang=ALL-UNNAMED
13-Jun-2024 19:52:09.367 INFO [main] org.apache.catalina.startup.VersionLoggerListener.log Command line argument:             --add-opens=java.base/java.io=ALL-UNNAMED
13-Jun-2024 19:52:09.367 INFO [main] org.apache.catalina.startup.VersionLoggerListener.log Command line argument:             --add-opens=java.base/java.util=ALL-UNNAMED
13-Jun-2024 19:52:09.367 INFO [main] org.apache.catalina.startup.VersionLoggerListener.log Command line argument:             --add-opens=java.base/java.util.concurrent=ALL-UNNAMED
13-Jun-2024 19:52:09.368 INFO [main] org.apache.catalina.startup.VersionLoggerListener.log Command line argument:             --add-opens=java.rmi/sun.rmi.transport=ALL-UNNAMED
13-Jun-2024 19:52:09.368 INFO [main] org.apache.catalina.startup.VersionLoggerListener.log Command line argument:             -Djava.util.logging.config.file=C:\Users\DaddyChary\Documents\carrera\patrones\WebProductos\apache-tomcat-9.0.89\conf\logging.properties
13-Jun-2024 19:52:09.368 INFO [main] org.apache.catalina.startup.VersionLoggerListener.log Command line argument:             -Djava.util.logging.manager=org.apache.juli.ClassLoaderLogManager
13-Jun-2024 19:52:09.368 INFO [main] org.apache.catalina.startup.VersionLoggerListener.log Command line argument:             -Djdk.tls.ephemeralDHKeySize=2048
13-Jun-2024 19:52:09.368 INFO [main] org.apache.catalina.startup.VersionLoggerListener.log Command line argument:             -Djava.protocol.handler.pkgs=org.apache.catalina.webresources
13-Jun-2024 19:52:09.368 INFO [main] org.apache.catalina.startup.VersionLoggerListener.log Command line argument:             -Dignore.endorsed.dirs=
13-Jun-2024 19:52:09.368 INFO [main] org.apache.catalina.startup.VersionLoggerListener.log Command line argument:             -Dcatalina.base=C:\Users\DaddyChary\Documents\carrera\patrones\WebProductos\apache-tomcat-9.0.89
13-Jun-2024 19:52:09.368 INFO [main] org.apache.catalina.startup.VersionLoggerListener.log Command line argument:             -Dcatalina.home=C:\Users\DaddyChary\Documents\carrera\patrones\WebProductos\apache-tomcat-9.0.89
13-Jun-2024 19:52:09.368 INFO [main] org.apache.catalina.startup.VersionLoggerListener.log Command line argument:             -Djava.io.tmpdir=C:\Users\DaddyChary\Documents\carrera\patrones\WebProductos\apache-tomcat-9.0.89\temp
13-Jun-2024 19:52:09.392 INFO [main] org.apache.catalina.core.AprLifecycleListener.lifecycleEvent Cargada la biblioteca nativa APR de Apache Tomcat [1.3.0] con la versión APR [1.7.4].
13-Jun-2024 19:52:09.392 INFO [main] org.apache.catalina.core.AprLifecycleListener.lifecycleEvent Capacidades APR: IPv6 [true], enviar fichero [true], aceptar filtros [false], aleatorio [true], UDS [true].
13-Jun-2024 19:52:09.392 INFO [main] org.apache.catalina.core.AprLifecycleListener.lifecycleEvent APR/OpenSSL configuration: useAprConnector [false], useOpenSSL [true]
13-Jun-2024 19:52:09.398 INFO [main] org.apache.catalina.core.AprLifecycleListener.initializeSSL OpenSSL inicializado correctamente [OpenSSL 3.0.13 30 Jan 2024]
13-Jun-2024 19:52:09.678 INFO [main] org.apache.coyote.AbstractProtocol.init Inicializando el manejador de protocolo ["http-nio-8080"]

13-Jun-2024 19:52:09.699 INFO [main] org.apache.catalina.startup.Catalina.load Server initialization in [519] milliseconds
13-Jun-2024 19:52:09.753 INFO [main] org.apache.catalina.core.StandardService.startInternal Arrancando servicio [Catalina]
13-Jun-2024 19:52:09.754 INFO [main] org.apache.catalina.core.StandardEngine.startInternal Starting Servlet engine: [Apache Tomcat/9.0.89]
13-Jun-2024 19:52:09.768 INFO [main] org.apache.catalina.startup.HostConfig.deployDescriptor Desplieque del descriptor de configuración [C:\Users\DaddyChary\Documents\carrera\patrones\WebProductos\apache-tomcat-9.0.89\conf\Catalina\localhost\WebApp.xml]
13-Jun-2024 19:52:09.785 WARNING [main] org.apache.catalina.startup.HostConfig.deployDescriptor The path attribute with value [/WebApp] in deployment descriptor [C:\Users\DaddyChary\Documents\carrera\patrones\WebProductos\apache-tomcat-9.0.89\conf\Catalina\localhost\WebApp.xml] has been ignored
13-Jun-2024 19:52:09.826 SEVERE [main] org.apache.catalina.startup.HostConfig.deployDescriptor Error durante el despliegue del descriptor de configuración [C:\Users\DaddyChary\Documents\carrera\patrones\WebProductos\apache-tomcat-9.0.89\conf\Catalina\localhost\WebApp.xml]
	java.lang.IllegalStateException: Error starting child
		at org.apache.catalina.core.ContainerBase.addChildInternal(ContainerBase.java:602)
		at org.apache.catalina.core.ContainerBase.addChild(ContainerBase.java:571)
		at org.apache.catalina.core.StandardHost.addChild(StandardHost.java:603)
		at org.apache.catalina.startup.HostConfig.deployDescriptor(HostConfig.java:680)
		at org.apache.catalina.startup.HostConfig$DeployDescriptor.run(HostConfig.java:1844)
		at java.base/java.util.concurrent.Executors$RunnableAdapter.call(Executors.java:572)
		at java.base/java.util.concurrent.FutureTask.run(FutureTask.java:317)
		at org.apache.tomcat.util.threads.InlineExecutorService.execute(InlineExecutorService.java:75)
		at java.base/java.util.concurrent.AbstractExecutorService.submit(AbstractExecutorService.java:123)
		at org.apache.catalina.startup.HostConfig.deployDescriptors(HostConfig.java:575)
		at org.apache.catalina.startup.HostConfig.deployApps(HostConfig.java:466)
		at org.apache.catalina.startup.HostConfig.start(HostConfig.java:1584)
		at org.apache.catalina.startup.HostConfig.lifecycleEvent(HostConfig.java:312)
		at org.apache.catalina.util.LifecycleBase.fireLifecycleEvent(LifecycleBase.java:114)
		at org.apache.catalina.util.LifecycleBase.setStateInternal(LifecycleBase.java:402)
		at org.apache.catalina.util.LifecycleBase.setState(LifecycleBase.java:345)
		at org.apache.catalina.core.ContainerBase.startInternal(ContainerBase.java:776)
		at org.apache.catalina.core.StandardHost.startInternal(StandardHost.java:721)
		at org.apache.catalina.util.LifecycleBase.start(LifecycleBase.java:171)
		at org.apache.catalina.core.ContainerBase$StartChild.call(ContainerBase.java:1203)
		at org.apache.catalina.core.ContainerBase$StartChild.call(ContainerBase.java:1193)
		at java.base/java.util.concurrent.FutureTask.run(FutureTask.java:317)
		at org.apache.tomcat.util.threads.InlineExecutorService.execute(InlineExecutorService.java:75)
		at java.base/java.util.concurrent.AbstractExecutorService.submit(AbstractExecutorService.java:145)
		at org.apache.catalina.core.ContainerBase.startInternal(ContainerBase.java:749)
		at org.apache.catalina.core.StandardEngine.startInternal(StandardEngine.java:211)
		at org.apache.catalina.util.LifecycleBase.start(LifecycleBase.java:171)
		at org.apache.catalina.core.StandardService.startInternal(StandardService.java:415)
		at org.apache.catalina.util.LifecycleBase.start(LifecycleBase.java:171)
		at org.apache.catalina.core.StandardServer.startInternal(StandardServer.java:878)
		at org.apache.catalina.util.LifecycleBase.start(LifecycleBase.java:171)
		at org.apache.catalina.startup.Catalina.start(Catalina.java:735)
		at java.base/jdk.internal.reflect.DirectMethodHandleAccessor.invoke(DirectMethodHandleAccessor.java:103)
		at java.base/java.lang.reflect.Method.invoke(Method.java:580)
		at org.apache.catalina.startup.Bootstrap.start(Bootstrap.java:345)
		at org.apache.catalina.startup.Bootstrap.main(Bootstrap.java:473)
	Caused by: org.apache.catalina.LifecycleException: Failed to start component [org.apache.catalina.webresources.StandardRoot@6e01f9b0]
		at org.apache.catalina.util.LifecycleBase.handleSubClassException(LifecycleBase.java:419)
		at org.apache.catalina.util.LifecycleBase.start(LifecycleBase.java:186)
		at org.apache.catalina.core.StandardContext.resourcesStart(StandardContext.java:4120)
		at org.apache.catalina.core.StandardContext.startInternal(StandardContext.java:4242)
		at org.apache.catalina.util.LifecycleBase.start(LifecycleBase.java:171)
		at org.apache.catalina.core.ContainerBase.addChildInternal(ContainerBase.java:599)
		... 35 more
	Caused by: java.lang.IllegalArgumentException: The main resource set specified [C:\Users\DaddyChary\Desktop\JavaWebPatrones\JavaWebPatrones\build\web] is not a directory or war file, or is not readable (it does not exist or permissions to access it are missing)
		at org.apache.catalina.webresources.StandardRoot.createMainResourceSet(StandardRoot.java:749)
		at org.apache.catalina.webresources.StandardRoot.startInternal(StandardRoot.java:707)
		at org.apache.catalina.util.LifecycleBase.start(LifecycleBase.java:171)
		... 39 more
13-Jun-2024 19:52:09.858 INFO [main] org.apache.catalina.startup.HostConfig.deployDescriptor Deployment of deployment descriptor [C:\Users\DaddyChary\Documents\carrera\patrones\WebProductos\apache-tomcat-9.0.89\conf\Catalina\localhost\WebApp.xml] has finished in [85] ms
13-Jun-2024 19:52:09.858 INFO [main] org.apache.catalina.startup.HostConfig.deployDescriptor Desplieque del descriptor de configuración [C:\Users\DaddyChary\Documents\carrera\patrones\WebProductos\apache-tomcat-9.0.89\conf\Catalina\localhost\WebProductos.xml]
13-Jun-2024 19:52:09.860 WARNING [main] org.apache.catalina.startup.HostConfig.deployDescriptor The path attribute with value [/WebProductos] in deployment descriptor [C:\Users\DaddyChary\Documents\carrera\patrones\WebProductos\apache-tomcat-9.0.89\conf\Catalina\localhost\WebProductos.xml] has been ignored
13-Jun-2024 19:52:10.302 INFO [main] org.apache.jasper.servlet.TldScanner.scanJars Al menos un JAR, que se ha explorado buscando TLDs, aún no contenía TLDs. Activar historial de depuración para este historiador para una completa lista de los JARs que fueron explorados y de los que nos se halló TLDs. Saltarse JARs no necesarios durante la exploración puede dar lugar a una mejora de tiempo significativa en el arranque y compilación de JSP .
13-Jun-2024 19:52:10.343 INFO [main] org.apache.catalina.startup.HostConfig.deployDescriptor Deployment of deployment descriptor [C:\Users\DaddyChary\Documents\carrera\patrones\WebProductos\apache-tomcat-9.0.89\conf\Catalina\localhost\WebProductos.xml] has finished in [485] ms
13-Jun-2024 19:52:10.344 INFO [main] org.apache.catalina.startup.HostConfig.deployDirectory Desplegando el directorio [C:\Users\DaddyChary\Documents\carrera\patrones\WebProductos\apache-tomcat-9.0.89\webapps\docs] de la aplicación web
13-Jun-2024 19:52:10.392 INFO [main] org.apache.catalina.startup.HostConfig.deployDirectory Deployment of web application directory [C:\Users\DaddyChary\Documents\carrera\patrones\WebProductos\apache-tomcat-9.0.89\webapps\docs] has finished in [48] ms
13-Jun-2024 19:52:10.392 INFO [main] org.apache.catalina.startup.HostConfig.deployDirectory Desplegando el directorio [C:\Users\DaddyChary\Documents\carrera\patrones\WebProductos\apache-tomcat-9.0.89\webapps\examples] de la aplicación web
13-Jun-2024 19:52:10.797 INFO [main] org.apache.catalina.startup.HostConfig.deployDirectory Deployment of web application directory [C:\Users\DaddyChary\Documents\carrera\patrones\WebProductos\apache-tomcat-9.0.89\webapps\examples] has finished in [405] ms
13-Jun-2024 19:52:10.797 INFO [main] org.apache.catalina.startup.HostConfig.deployDirectory Desplegando el directorio [C:\Users\DaddyChary\Documents\carrera\patrones\WebProductos\apache-tomcat-9.0.89\webapps\host-manager] de la aplicación web
13-Jun-2024 19:52:10.839 INFO [main] org.apache.catalina.startup.HostConfig.deployDirectory Deployment of web application directory [C:\Users\DaddyChary\Documents\carrera\patrones\WebProductos\apache-tomcat-9.0.89\webapps\host-manager] has finished in [42] ms
13-Jun-2024 19:52:10.839 INFO [main] org.apache.catalina.startup.HostConfig.deployDirectory Desplegando el directorio [C:\Users\DaddyChary\Documents\carrera\patrones\WebProductos\apache-tomcat-9.0.89\webapps\manager] de la aplicación web
13-Jun-2024 19:52:10.880 INFO [main] org.apache.catalina.startup.HostConfig.deployDirectory Deployment of web application directory [C:\Users\DaddyChary\Documents\carrera\patrones\WebProductos\apache-tomcat-9.0.89\webapps\manager] has finished in [41] ms
13-Jun-2024 19:52:10.880 INFO [main] org.apache.catalina.startup.HostConfig.deployDirectory Desplegando el directorio [C:\Users\DaddyChary\Documents\carrera\patrones\WebProductos\apache-tomcat-9.0.89\webapps\ROOT] de la aplicación web
13-Jun-2024 19:52:10.908 INFO [main] org.apache.catalina.startup.HostConfig.deployDirectory Deployment of web application directory [C:\Users\DaddyChary\Documents\carrera\patrones\WebProductos\apache-tomcat-9.0.89\webapps\ROOT] has finished in [28] ms
13-Jun-2024 19:52:10.912 INFO [main] org.apache.coyote.AbstractProtocol.start Starting ProtocolHandler ["http-nio-8080"]
13-Jun-2024 19:52:10.941 INFO [main] org.apache.catalina.startup.Catalina.start Server startup in [1240] milliseconds
13-Jun-2024 19:55:58.972 INFO [main] org.apache.catalina.core.StandardServer.await Se ha recibido un comando de apagado a través del puerto de apagado. Parando la instancia del Servidor.
13-Jun-2024 19:55:58.972 INFO [main] org.apache.coyote.AbstractProtocol.pause Pausing ProtocolHandler ["http-nio-8080"]
13-Jun-2024 19:55:58.974 INFO [main] org.apache.catalina.core.StandardService.stopInternal Parando servicio [Catalina]
13-Jun-2024 19:55:59.007 WARNING [main] org.apache.catalina.loader.WebappClassLoaderBase.clearReferencesJdbc La aplicación web [WebProductos] registró el conductor JDBC [com.mysql.jdbc.Driver] pero falló al anular el registro mientras la aplicación web estaba parada. Para prevenir un fallo de memoria, se ha anulado el registro del conductor JDBC por la fuerza.
13-Jun-2024 19:55:59.014 INFO [main] org.apache.coyote.AbstractProtocol.stop Stopping ProtocolHandler ["http-nio-8080"]
13-Jun-2024 19:55:59.028 INFO [main] org.apache.coyote.AbstractProtocol.destroy Destroying ProtocolHandler ["http-nio-8080"]
