24-Jun-2024 15:46:18.588 INFO [main] org.apache.catalina.core.ApplicationContext.log ContextListener: contextInitialized()
24-Jun-2024 15:46:18.588 INFO [main] org.apache.catalina.core.ApplicationContext.log SessionListener: contextInitialized()
24-Jun-2024 15:46:18.589 INFO [main] org.apache.catalina.core.ApplicationContext.log ContextListener: attributeAdded('StockTicker', 'async.Stockticker@9257031')
24-Jun-2024 15:56:45.890 INFO [main] org.apache.catalina.core.ApplicationContext.log SessionListener: contextDestroyed()
24-Jun-2024 15:56:45.890 INFO [main] org.apache.catalina.core.ApplicationContext.log ContextListener: contextDestroyed()
24-Jun-2024 15:56:50.394 INFO [main] org.apache.catalina.core.ApplicationContext.log ContextListener: contextInitialized()
24-Jun-2024 15:56:50.394 INFO [main] org.apache.catalina.core.ApplicationContext.log SessionListener: contextInitialized()
24-Jun-2024 15:56:50.395 INFO [main] org.apache.catalina.core.ApplicationContext.log ContextListener: attributeAdded('StockTicker', 'async.Stockticker@5aa360ea')
24-Jun-2024 16:02:22.742 INFO [main] org.apache.catalina.core.ApplicationContext.log SessionListener: contextDestroyed()
24-Jun-2024 16:02:22.742 INFO [main] org.apache.catalina.core.ApplicationContext.log ContextListener: contextDestroyed()
24-Jun-2024 16:41:51.636 INFO [main] org.apache.catalina.core.ApplicationContext.log ContextListener: contextInitialized()
24-Jun-2024 16:41:51.636 INFO [main] org.apache.catalina.core.ApplicationContext.log SessionListener: contextInitialized()
24-Jun-2024 16:41:51.638 INFO [main] org.apache.catalina.core.ApplicationContext.log ContextListener: attributeAdded('StockTicker', 'async.Stockticker@1f2d2181')
24-Jun-2024 17:24:55.116 INFO [main] org.apache.catalina.core.ApplicationContext.log SessionListener: contextDestroyed()
24-Jun-2024 17:24:55.116 INFO [main] org.apache.catalina.core.ApplicationContext.log ContextListener: contextDestroyed()
24-Jun-2024 20:28:16.845 INFO [main] org.apache.catalina.core.ApplicationContext.log ContextListener: contextInitialized()
24-Jun-2024 20:28:16.845 INFO [main] org.apache.catalina.core.ApplicationContext.log SessionListener: contextInitialized()
24-Jun-2024 20:28:16.850 INFO [main] org.apache.catalina.core.ApplicationContext.log ContextListener: attributeAdded('StockTicker', 'async.Stockticker@5c371e13')
24-Jun-2024 20:28:27.337 SEVERE [http-nio-8080-exec-1] org.apache.catalina.core.StandardWrapperValve.invoke Servlet.service() para servlet [controller.Controller_Login] lanzó excepción
	java.lang.NullPointerException: Cannot invoke "java.sql.Connection.createStatement()" because the return value of "db.ConexionSingleton.getConnection()" is null
		at service.Dao_Usuario.isExist(Dao_Usuario.java:95)
		at controller.Controller_Login.doPost(Controller_Login.java:75)
		at javax.servlet.http.HttpServlet.service(HttpServlet.java:555)
		at javax.servlet.http.HttpServlet.service(HttpServlet.java:623)
		at org.apache.catalina.core.ApplicationFilterChain.internalDoFilter(ApplicationFilterChain.java:199)
		at org.apache.catalina.core.ApplicationFilterChain.doFilter(ApplicationFilterChain.java:144)
		at org.apache.tomcat.websocket.server.WsFilter.doFilter(WsFilter.java:51)
		at org.apache.catalina.core.ApplicationFilterChain.internalDoFilter(ApplicationFilterChain.java:168)
		at org.apache.catalina.core.ApplicationFilterChain.doFilter(ApplicationFilterChain.java:144)
		at org.apache.catalina.core.StandardWrapperValve.invoke(StandardWrapperValve.java:168)
		at org.apache.catalina.core.StandardContextValve.invoke(StandardContextValve.java:90)
		at org.apache.catalina.authenticator.AuthenticatorBase.invoke(AuthenticatorBase.java:481)
		at org.apache.catalina.core.StandardHostValve.invoke(StandardHostValve.java:130)
		at org.apache.catalina.valves.ErrorReportValve.invoke(ErrorReportValve.java:93)
		at org.apache.catalina.valves.AbstractAccessLogValve.invoke(AbstractAccessLogValve.java:660)
		at org.apache.catalina.core.StandardEngineValve.invoke(StandardEngineValve.java:74)
		at org.apache.catalina.connector.CoyoteAdapter.service(CoyoteAdapter.java:346)
		at org.apache.coyote.http11.Http11Processor.service(Http11Processor.java:388)
		at org.apache.coyote.AbstractProcessorLight.process(AbstractProcessorLight.java:63)
		at org.apache.coyote.AbstractProtocol$ConnectionHandler.process(AbstractProtocol.java:928)
		at org.apache.tomcat.util.net.NioEndpoint$SocketProcessor.doRun(NioEndpoint.java:1791)
		at org.apache.tomcat.util.net.SocketProcessorBase.run(SocketProcessorBase.java:52)
		at org.apache.tomcat.util.threads.ThreadPoolExecutor.runWorker(ThreadPoolExecutor.java:1190)
		at org.apache.tomcat.util.threads.ThreadPoolExecutor$Worker.run(ThreadPoolExecutor.java:659)
		at org.apache.tomcat.util.threads.TaskThread$WrappingRunnable.run(TaskThread.java:63)
		at java.base/java.lang.Thread.run(Thread.java:1570)
24-Jun-2024 20:28:35.417 SEVERE [http-nio-8080-exec-8] org.apache.catalina.core.StandardWrapperValve.invoke Servlet.service() para servlet [controller.Controller_Login] lanzó excepción
	java.lang.NullPointerException: Cannot invoke "java.sql.Connection.createStatement()" because the return value of "db.ConexionSingleton.getConnection()" is null
		at service.Dao_Usuario.isExist(Dao_Usuario.java:95)
		at controller.Controller_Login.doPost(Controller_Login.java:75)
		at javax.servlet.http.HttpServlet.service(HttpServlet.java:555)
		at javax.servlet.http.HttpServlet.service(HttpServlet.java:623)
		at org.apache.catalina.core.ApplicationFilterChain.internalDoFilter(ApplicationFilterChain.java:199)
		at org.apache.catalina.core.ApplicationFilterChain.doFilter(ApplicationFilterChain.java:144)
		at org.apache.tomcat.websocket.server.WsFilter.doFilter(WsFilter.java:51)
		at org.apache.catalina.core.ApplicationFilterChain.internalDoFilter(ApplicationFilterChain.java:168)
		at org.apache.catalina.core.ApplicationFilterChain.doFilter(ApplicationFilterChain.java:144)
		at org.apache.catalina.core.StandardWrapperValve.invoke(StandardWrapperValve.java:168)
		at org.apache.catalina.core.StandardContextValve.invoke(StandardContextValve.java:90)
		at org.apache.catalina.authenticator.AuthenticatorBase.invoke(AuthenticatorBase.java:481)
		at org.apache.catalina.core.StandardHostValve.invoke(StandardHostValve.java:130)
		at org.apache.catalina.valves.ErrorReportValve.invoke(ErrorReportValve.java:93)
		at org.apache.catalina.valves.AbstractAccessLogValve.invoke(AbstractAccessLogValve.java:660)
		at org.apache.catalina.core.StandardEngineValve.invoke(StandardEngineValve.java:74)
		at org.apache.catalina.connector.CoyoteAdapter.service(CoyoteAdapter.java:346)
		at org.apache.coyote.http11.Http11Processor.service(Http11Processor.java:388)
		at org.apache.coyote.AbstractProcessorLight.process(AbstractProcessorLight.java:63)
		at org.apache.coyote.AbstractProtocol$ConnectionHandler.process(AbstractProtocol.java:928)
		at org.apache.tomcat.util.net.NioEndpoint$SocketProcessor.doRun(NioEndpoint.java:1791)
		at org.apache.tomcat.util.net.SocketProcessorBase.run(SocketProcessorBase.java:52)
		at org.apache.tomcat.util.threads.ThreadPoolExecutor.runWorker(ThreadPoolExecutor.java:1190)
		at org.apache.tomcat.util.threads.ThreadPoolExecutor$Worker.run(ThreadPoolExecutor.java:659)
		at org.apache.tomcat.util.threads.TaskThread$WrappingRunnable.run(TaskThread.java:63)
		at java.base/java.lang.Thread.run(Thread.java:1570)
24-Jun-2024 20:28:40.706 SEVERE [http-nio-8080-exec-5] org.apache.catalina.core.StandardWrapperValve.invoke Servlet.service() para servlet [controller.Controller_Login] lanzó excepción
	java.lang.NullPointerException: Cannot invoke "java.sql.Connection.createStatement()" because the return value of "db.ConexionSingleton.getConnection()" is null
		at service.Dao_Usuario.isExist(Dao_Usuario.java:95)
		at controller.Controller_Login.doPost(Controller_Login.java:75)
		at javax.servlet.http.HttpServlet.service(HttpServlet.java:555)
		at javax.servlet.http.HttpServlet.service(HttpServlet.java:623)
		at org.apache.catalina.core.ApplicationFilterChain.internalDoFilter(ApplicationFilterChain.java:199)
		at org.apache.catalina.core.ApplicationFilterChain.doFilter(ApplicationFilterChain.java:144)
		at org.apache.tomcat.websocket.server.WsFilter.doFilter(WsFilter.java:51)
		at org.apache.catalina.core.ApplicationFilterChain.internalDoFilter(ApplicationFilterChain.java:168)
		at org.apache.catalina.core.ApplicationFilterChain.doFilter(ApplicationFilterChain.java:144)
		at org.apache.catalina.core.StandardWrapperValve.invoke(StandardWrapperValve.java:168)
		at org.apache.catalina.core.StandardContextValve.invoke(StandardContextValve.java:90)
		at org.apache.catalina.authenticator.AuthenticatorBase.invoke(AuthenticatorBase.java:481)
		at org.apache.catalina.core.StandardHostValve.invoke(StandardHostValve.java:130)
		at org.apache.catalina.valves.ErrorReportValve.invoke(ErrorReportValve.java:93)
		at org.apache.catalina.valves.AbstractAccessLogValve.invoke(AbstractAccessLogValve.java:660)
		at org.apache.catalina.core.StandardEngineValve.invoke(StandardEngineValve.java:74)
		at org.apache.catalina.connector.CoyoteAdapter.service(CoyoteAdapter.java:346)
		at org.apache.coyote.http11.Http11Processor.service(Http11Processor.java:388)
		at org.apache.coyote.AbstractProcessorLight.process(AbstractProcessorLight.java:63)
		at org.apache.coyote.AbstractProtocol$ConnectionHandler.process(AbstractProtocol.java:928)
		at org.apache.tomcat.util.net.NioEndpoint$SocketProcessor.doRun(NioEndpoint.java:1791)
		at org.apache.tomcat.util.net.SocketProcessorBase.run(SocketProcessorBase.java:52)
		at org.apache.tomcat.util.threads.ThreadPoolExecutor.runWorker(ThreadPoolExecutor.java:1190)
		at org.apache.tomcat.util.threads.ThreadPoolExecutor$Worker.run(ThreadPoolExecutor.java:659)
		at org.apache.tomcat.util.threads.TaskThread$WrappingRunnable.run(TaskThread.java:63)
		at java.base/java.lang.Thread.run(Thread.java:1570)
24-Jun-2024 20:28:49.983 INFO [main] org.apache.catalina.core.ApplicationContext.log SessionListener: contextDestroyed()
24-Jun-2024 20:28:49.983 INFO [main] org.apache.catalina.core.ApplicationContext.log ContextListener: contextDestroyed()
24-Jun-2024 20:28:54.498 INFO [main] org.apache.catalina.core.ApplicationContext.log ContextListener: contextInitialized()
24-Jun-2024 20:28:54.498 INFO [main] org.apache.catalina.core.ApplicationContext.log SessionListener: contextInitialized()
24-Jun-2024 20:28:54.500 INFO [main] org.apache.catalina.core.ApplicationContext.log ContextListener: attributeAdded('StockTicker', 'async.Stockticker@76b0ae1b')
24-Jun-2024 20:30:16.986 INFO [main] org.apache.catalina.core.ApplicationContext.log SessionListener: contextDestroyed()
24-Jun-2024 20:30:16.986 INFO [main] org.apache.catalina.core.ApplicationContext.log ContextListener: contextDestroyed()
24-Jun-2024 21:29:26.136 INFO [main] org.apache.catalina.core.ApplicationContext.log ContextListener: contextInitialized()
24-Jun-2024 21:29:26.136 INFO [main] org.apache.catalina.core.ApplicationContext.log SessionListener: contextInitialized()
24-Jun-2024 21:29:26.140 INFO [main] org.apache.catalina.core.ApplicationContext.log ContextListener: attributeAdded('StockTicker', 'async.Stockticker@9257031')
24-Jun-2024 21:33:09.191 INFO [main] org.apache.catalina.core.ApplicationContext.log SessionListener: contextDestroyed()
24-Jun-2024 21:33:09.191 INFO [main] org.apache.catalina.core.ApplicationContext.log ContextListener: contextDestroyed()
